
*** Running vivado
    with args -log Top.vds -m64 -product Vivado -mode batch -messageDb vivado.pb -notrace -source Top.tcl



****** Vivado v2022.2 (64-bit)
  **** SW Build 3671981 on Fri Oct 14 05:00:03 MDT 2022
  **** IP Build 3669848 on Fri Oct 14 08:30:02 MDT 2022
    ** Copyright 1986-2022 Xilinx, Inc. All Rights Reserved.

source Top.tcl -notrace
create_project: Time (s): cpu = 00:00:04 ; elapsed = 00:00:06 . Memory (MB): peak = 417.789 ; gain = 97.184
Command: read_checkpoint -auto_incremental -incremental C:/Users/ikari/OneDrive/Escritorio/proyecto-3-main/Booth_Multiplier/Booth_Multiplier.srcs/utils_1/imports/synth_1/Top.dcp
INFO: [Vivado 12-5825] Read reference checkpoint from C:/Users/ikari/OneDrive/Escritorio/proyecto-3-main/Booth_Multiplier/Booth_Multiplier.srcs/utils_1/imports/synth_1/Top.dcp for incremental synthesis
INFO: [Vivado 12-7989] Please ensure there are no constraint changes
Command: synth_design -top Top -part xc7a35tcpg236-1
Starting synth_design
Attempting to get a license for feature 'Synthesis' and/or device 'xc7a35t'
INFO: [Common 17-349] Got license for feature 'Synthesis' and/or device 'xc7a35t'
INFO: [Device 21-403] Loading part xc7a35tcpg236-1
INFO: [Designutils 20-5440] No compile time benefit to using incremental synthesis; A full resynthesis will be run
INFO: [Designutils 20-4379] Flow is switching to default flow due to incremental criteria not met. If you would like to alter this behaviour and have the flow terminate instead, please set the following parameter config_implementation {autoIncr.Synth.RejectBehavior Terminate}
INFO: [Synth 8-7079] Multithreading enabled for synth_design using a maximum of 2 processes.
INFO: [Synth 8-7078] Launching helper process for spawning children vivado processes
INFO: [Synth 8-7075] Helper process launched with PID 7568
INFO: [Synth 8-11241] undeclared symbol 'REGCCE', assumed default net type 'wire' [C:/Xilinx/Vivado/2022.2/data/verilog/src/unimacro/BRAM_SINGLE_MACRO.v:2170]
WARNING: [Synth 8-11014] non-net output port 'catodo' cannot be initialized at declaration in SystemVerilog mode [C:/Users/ikari/OneDrive/Escritorio/proyecto-3-main/Booth_Multiplier/BCDtoCatode.sv:15]
WARNING: [Synth 8-11014] non-net output port 'Q' cannot be initialized at declaration in SystemVerilog mode [C:/Users/ikari/OneDrive/Escritorio/proyecto-3-main/Booth_Multiplier/Top.sv:172]
WARNING: [Synth 8-11014] non-net output port 'salida' cannot be initialized at declaration in SystemVerilog mode [C:/Users/ikari/OneDrive/Escritorio/proyecto-3-main/Booth_Multiplier/Top.sv:185]
WARNING: [Synth 8-11014] non-net output port 'contador_actualizar' cannot be initialized at declaration in SystemVerilog mode [C:/Users/ikari/OneDrive/Escritorio/proyecto-3-main/Booth_Multiplier/Top.sv:671]
WARNING: [Synth 8-11014] non-net output port 'anodo' cannot be initialized at declaration in SystemVerilog mode [C:/Users/ikari/OneDrive/Escritorio/proyecto-3-main/Booth_Multiplier/Top.sv:689]
WARNING: [Synth 8-11014] non-net output port 'digito' cannot be initialized at declaration in SystemVerilog mode [C:/Users/ikari/OneDrive/Escritorio/proyecto-3-main/Booth_Multiplier/Top.sv:713]
---------------------------------------------------------------------------------
Starting RTL Elaboration : Time (s): cpu = 00:00:04 ; elapsed = 00:00:05 . Memory (MB): peak = 1227.879 ; gain = 410.770
---------------------------------------------------------------------------------
INFO: [Synth 8-6157] synthesizing module 'Top' [C:/Users/ikari/OneDrive/Escritorio/proyecto-3-main/Booth_Multiplier/Top.sv:4]
INFO: [Synth 8-6157] synthesizing module 'Reading' [C:/Users/ikari/OneDrive/Escritorio/proyecto-3-main/Booth_Multiplier/Top.sv:87]
INFO: [Synth 8-6157] synthesizing module 'antirrebote' [C:/Users/ikari/OneDrive/Escritorio/proyecto-3-main/Booth_Multiplier/Top.sv:131]
INFO: [Synth 8-6157] synthesizing module 'clock_enable' [C:/Users/ikari/OneDrive/Escritorio/proyecto-3-main/Booth_Multiplier/Top.sv:151]
INFO: [Synth 8-6155] done synthesizing module 'clock_enable' (0#1) [C:/Users/ikari/OneDrive/Escritorio/proyecto-3-main/Booth_Multiplier/Top.sv:151]
INFO: [Synth 8-6157] synthesizing module 'FF' [C:/Users/ikari/OneDrive/Escritorio/proyecto-3-main/Booth_Multiplier/Top.sv:170]
INFO: [Synth 8-6155] done synthesizing module 'FF' (0#1) [C:/Users/ikari/OneDrive/Escritorio/proyecto-3-main/Booth_Multiplier/Top.sv:170]
INFO: [Synth 8-6155] done synthesizing module 'antirrebote' (0#1) [C:/Users/ikari/OneDrive/Escritorio/proyecto-3-main/Booth_Multiplier/Top.sv:131]
INFO: [Synth 8-6157] synthesizing module 'inicio_multiplicacion' [C:/Users/ikari/OneDrive/Escritorio/proyecto-3-main/Booth_Multiplier/Top.sv:183]
INFO: [Synth 8-6155] done synthesizing module 'inicio_multiplicacion' (0#1) [C:/Users/ikari/OneDrive/Escritorio/proyecto-3-main/Booth_Multiplier/Top.sv:183]
INFO: [Synth 8-6157] synthesizing module 'encender_lucesLED' [C:/Users/ikari/OneDrive/Escritorio/proyecto-3-main/Booth_Multiplier/Top.sv:233]
INFO: [Synth 8-6155] done synthesizing module 'encender_lucesLED' (0#1) [C:/Users/ikari/OneDrive/Escritorio/proyecto-3-main/Booth_Multiplier/Top.sv:233]
INFO: [Synth 8-6155] done synthesizing module 'Reading' (0#1) [C:/Users/ikari/OneDrive/Escritorio/proyecto-3-main/Booth_Multiplier/Top.sv:87]
INFO: [Synth 8-6157] synthesizing module 'Multiplier' [C:/Users/ikari/OneDrive/Escritorio/proyecto-3-main/Booth_Multiplier/Top.sv:253]
INFO: [Synth 8-6157] synthesizing module 'maquina_estados' [C:/Users/ikari/OneDrive/Escritorio/proyecto-3-main/Booth_Multiplier/Top.sv:272]
INFO: [Synth 8-155] case statement is not full and has no default [C:/Users/ikari/OneDrive/Escritorio/proyecto-3-main/Booth_Multiplier/Top.sv:351]
INFO: [Synth 8-6155] done synthesizing module 'maquina_estados' (0#1) [C:/Users/ikari/OneDrive/Escritorio/proyecto-3-main/Booth_Multiplier/Top.sv:272]
INFO: [Synth 8-6157] synthesizing module 'mult_with_no_sm' [C:/Users/ikari/OneDrive/Escritorio/proyecto-3-main/Booth_Multiplier/Top.sv:401]
INFO: [Synth 8-6155] done synthesizing module 'mult_with_no_sm' (0#1) [C:/Users/ikari/OneDrive/Escritorio/proyecto-3-main/Booth_Multiplier/Top.sv:401]
INFO: [Synth 8-6155] done synthesizing module 'Multiplier' (0#1) [C:/Users/ikari/OneDrive/Escritorio/proyecto-3-main/Booth_Multiplier/Top.sv:253]
INFO: [Synth 8-6157] synthesizing module 'binaryToBCD' [C:/Users/ikari/OneDrive/Escritorio/proyecto-3-main/Booth_Multiplier/Top.sv:472]
INFO: [Synth 8-155] case statement is not full and has no default [C:/Users/ikari/OneDrive/Escritorio/proyecto-3-main/Booth_Multiplier/Top.sv:527]
INFO: [Synth 8-6155] done synthesizing module 'binaryToBCD' (0#1) [C:/Users/ikari/OneDrive/Escritorio/proyecto-3-main/Booth_Multiplier/Top.sv:472]
INFO: [Synth 8-6157] synthesizing module 'sevenSegmentDisplay' [C:/Users/ikari/OneDrive/Escritorio/proyecto-3-main/Booth_Multiplier/Top.sv:610]
INFO: [Synth 8-6157] synthesizing module 'ClockDivider' [C:/Users/ikari/OneDrive/Escritorio/proyecto-3-main/Booth_Multiplier/Top.sv:631]
INFO: [Synth 8-6155] done synthesizing module 'ClockDivider' (0#1) [C:/Users/ikari/OneDrive/Escritorio/proyecto-3-main/Booth_Multiplier/Top.sv:631]
INFO: [Synth 8-6157] synthesizing module 'updateCounter' [C:/Users/ikari/OneDrive/Escritorio/proyecto-3-main/Booth_Multiplier/Top.sv:668]
INFO: [Synth 8-6155] done synthesizing module 'updateCounter' (0#1) [C:/Users/ikari/OneDrive/Escritorio/proyecto-3-main/Booth_Multiplier/Top.sv:668]
INFO: [Synth 8-6157] synthesizing module 'ControllerAnode' [C:/Users/ikari/OneDrive/Escritorio/proyecto-3-main/Booth_Multiplier/Top.sv:687]
INFO: [Synth 8-6155] done synthesizing module 'ControllerAnode' (0#1) [C:/Users/ikari/OneDrive/Escritorio/proyecto-3-main/Booth_Multiplier/Top.sv:687]
WARNING: [Synth 8-689] width (4) of port connection 'anodo' does not match port width (8) of module 'ControllerAnode' [C:/Users/ikari/OneDrive/Escritorio/proyecto-3-main/Booth_Multiplier/Top.sv:625]
INFO: [Synth 8-6157] synthesizing module 'ControllerBCD' [C:/Users/ikari/OneDrive/Escritorio/proyecto-3-main/Booth_Multiplier/Top.sv:710]
INFO: [Synth 8-6155] done synthesizing module 'ControllerBCD' (0#1) [C:/Users/ikari/OneDrive/Escritorio/proyecto-3-main/Booth_Multiplier/Top.sv:710]
INFO: [Synth 8-6157] synthesizing module 'BCDtoCatode' [C:/Users/ikari/OneDrive/Escritorio/proyecto-3-main/Booth_Multiplier/BCDtoCatode.sv:13]
INFO: [Synth 8-6155] done synthesizing module 'BCDtoCatode' (0#1) [C:/Users/ikari/OneDrive/Escritorio/proyecto-3-main/Booth_Multiplier/BCDtoCatode.sv:13]
INFO: [Synth 8-6155] done synthesizing module 'sevenSegmentDisplay' (0#1) [C:/Users/ikari/OneDrive/Escritorio/proyecto-3-main/Booth_Multiplier/Top.sv:610]
INFO: [Synth 8-6155] done synthesizing module 'Top' (0#1) [C:/Users/ikari/OneDrive/Escritorio/proyecto-3-main/Booth_Multiplier/Top.sv:4]
WARNING: [Synth 8-6014] Unused sequential element mult_control_reg[load_B] was removed.  [C:/Users/ikari/OneDrive/Escritorio/proyecto-3-main/Booth_Multiplier/Top.sv:346]
WARNING: [Synth 8-7129] Port codigo_BCD[20] in module ControllerBCD is either unconnected or has no load
WARNING: [Synth 8-7129] Port codigo_BCD[19] in module ControllerBCD is either unconnected or has no load
WARNING: [Synth 8-7129] Port codigo_BCD[18] in module ControllerBCD is either unconnected or has no load
WARNING: [Synth 8-7129] Port codigo_BCD[17] in module ControllerBCD is either unconnected or has no load
WARNING: [Synth 8-7129] Port codigo_BCD[16] in module ControllerBCD is either unconnected or has no load
WARNING: [Synth 8-7129] Port rst in module encender_lucesLED is either unconnected or has no load
WARNING: [Synth 8-7129] Port salida in module encender_lucesLED is either unconnected or has no load
---------------------------------------------------------------------------------
Finished RTL Elaboration : Time (s): cpu = 00:00:05 ; elapsed = 00:00:06 . Memory (MB): peak = 1319.219 ; gain = 502.109
---------------------------------------------------------------------------------
---------------------------------------------------------------------------------
Start Handling Custom Attributes
---------------------------------------------------------------------------------
---------------------------------------------------------------------------------
Finished Handling Custom Attributes : Time (s): cpu = 00:00:05 ; elapsed = 00:00:06 . Memory (MB): peak = 1319.219 ; gain = 502.109
---------------------------------------------------------------------------------
---------------------------------------------------------------------------------
Finished RTL Optimization Phase 1 : Time (s): cpu = 00:00:05 ; elapsed = 00:00:06 . Memory (MB): peak = 1319.219 ; gain = 502.109
---------------------------------------------------------------------------------
Netlist sorting complete. Time (s): cpu = 00:00:00 ; elapsed = 00:00:00.010 . Memory (MB): peak = 1319.219 ; gain = 0.000
INFO: [Project 1-570] Preparing netlist for logic optimization

Processing XDC Constraints
Initializing timing engine
Parsing XDC File [C:/Users/ikari/OneDrive/Escritorio/proyecto-3-main/Booth_Multiplier/Constraints.xdc]
WARNING: [Vivado 12-584] No ports matched 'CLk'. [C:/Users/ikari/OneDrive/Escritorio/proyecto-3-main/Booth_Multiplier/Constraints.xdc:3]
CRITICAL WARNING: [Common 17-55] 'set_property' expects at least one object. [C:/Users/ikari/OneDrive/Escritorio/proyecto-3-main/Booth_Multiplier/Constraints.xdc:3]
Resolution: If [get_<value>] was used to populate the object, check to make sure this command returns at least one valid object.
WARNING: [Vivado 12-584] No ports matched 'CLk'. [C:/Users/ikari/OneDrive/Escritorio/proyecto-3-main/Booth_Multiplier/Constraints.xdc:4]
CRITICAL WARNING: [Vivado 12-4739] create_clock:No valid object(s) found for '-objects [get_ports CLk]'. [C:/Users/ikari/OneDrive/Escritorio/proyecto-3-main/Booth_Multiplier/Constraints.xdc:4]
Resolution: Check if the specified object(s) exists in the current design. If it does, ensure that the correct design hierarchy was specified for the object. If you are working with clocks, make sure create_clock was used to create the clock object before it is referenced.
Finished Parsing XDC File [C:/Users/ikari/OneDrive/Escritorio/proyecto-3-main/Booth_Multiplier/Constraints.xdc]
INFO: [Project 1-236] Implementation specific constraints were found while reading constraint file [C:/Users/ikari/OneDrive/Escritorio/proyecto-3-main/Booth_Multiplier/Constraints.xdc]. These constraints will be ignored for synthesis but will be used in implementation. Impacted constraints are listed in the file [.Xil/Top_propImpl.xdc].
Resolution: To avoid this warning, move constraints listed in [.Xil/Top_propImpl.xdc] to another XDC file and exclude this new file from synthesis with the used_in_synthesis property (File Properties dialog in GUI) and re-run elaboration/synthesis.
Completed Processing XDC Constraints

Netlist sorting complete. Time (s): cpu = 00:00:00 ; elapsed = 00:00:00.001 . Memory (MB): peak = 1425.898 ; gain = 0.000
INFO: [Project 1-111] Unisim Transformation Summary:
No Unisim elements were transformed.

Constraint Validation Runtime : Time (s): cpu = 00:00:00 ; elapsed = 00:00:00.004 . Memory (MB): peak = 1425.898 ; gain = 0.000
INFO: [Designutils 20-5440] No compile time benefit to using incremental synthesis; A full resynthesis will be run
INFO: [Designutils 20-4379] Flow is switching to default flow due to incremental criteria not met. If you would like to alter this behaviour and have the flow terminate instead, please set the following parameter config_implementation {autoIncr.Synth.RejectBehavior Terminate}
INFO: [Synth 8-11241] undeclared symbol 'REGCCE', assumed default net type 'wire' [C:/Xilinx/Vivado/2022.2/data/verilog/src/unimacro/BRAM_SINGLE_MACRO.v:2170]
---------------------------------------------------------------------------------
Finished Constraint Validation : Time (s): cpu = 00:00:10 ; elapsed = 00:00:13 . Memory (MB): peak = 1425.898 ; gain = 608.789
---------------------------------------------------------------------------------
---------------------------------------------------------------------------------
Start Loading Part and Timing Information
---------------------------------------------------------------------------------
Loading part: xc7a35tcpg236-1
---------------------------------------------------------------------------------
Finished Loading Part and Timing Information : Time (s): cpu = 00:00:10 ; elapsed = 00:00:13 . Memory (MB): peak = 1425.898 ; gain = 608.789
---------------------------------------------------------------------------------
---------------------------------------------------------------------------------
Start Applying 'set_property' XDC Constraints
---------------------------------------------------------------------------------
---------------------------------------------------------------------------------
Finished applying 'set_property' XDC Constraints : Time (s): cpu = 00:00:10 ; elapsed = 00:00:13 . Memory (MB): peak = 1425.898 ; gain = 608.789
---------------------------------------------------------------------------------
INFO: [Synth 8-802] inferred FSM for state register 'estado_reg' in module 'maquina_estados'
INFO: [Synth 8-802] inferred FSM for state register 'estado_reg' in module 'binaryToBCD'
INFO: [Synth 8-802] inferred FSM for state register 'agregar_contador_reg' in module 'binaryToBCD'
---------------------------------------------------------------------------------------------------
                   State |                     New Encoding |                Previous Encoding 
---------------------------------------------------------------------------------------------------
                 Esperar |                          0000001 |                              000
                  Inicio |                          0000010 |                              001
                 Agregar |                          0000100 |                              010
                   Sumar |                          0001000 |                              011
                  Restar |                          0010000 |                              100
                   Shift |                          0100000 |                              101
               Comprobar |                          1000000 |                              110
---------------------------------------------------------------------------------------------------
INFO: [Synth 8-3354] encoded FSM with state register 'estado_reg' using encoding 'one-hot' in module 'maquina_estados'
---------------------------------------------------------------------------------------------------
                   State |                     New Encoding |                Previous Encoding 
---------------------------------------------------------------------------------------------------
                  iSTATE |                              000 |                              000
                 iSTATE0 |                              001 |                              001
                 iSTATE1 |                              010 |                              010
                 iSTATE2 |                              011 |                              011
                 iSTATE3 |                              100 |                              100
---------------------------------------------------------------------------------------------------
INFO: [Synth 8-3354] encoded FSM with state register 'agregar_contador_reg' using encoding 'sequential' in module 'binaryToBCD'
---------------------------------------------------------------------------------------------------
                   State |                     New Encoding |                Previous Encoding 
---------------------------------------------------------------------------------------------------
                Inactivo |                              000 |                              000
                  Inicio |                              001 |                              001
                 Agregar |                              010 |                              010
                   Shift |                              011 |                              011
                   Final |                              100 |                              100
---------------------------------------------------------------------------------------------------
INFO: [Synth 8-3354] encoded FSM with state register 'estado_reg' using encoding 'sequential' in module 'binaryToBCD'
---------------------------------------------------------------------------------
Finished RTL Optimization Phase 2 : Time (s): cpu = 00:00:10 ; elapsed = 00:00:13 . Memory (MB): peak = 1425.898 ; gain = 608.789
---------------------------------------------------------------------------------
---------------------------------------------------------------------------------
Start RTL Component Statistics 
---------------------------------------------------------------------------------
Detailed RTL Component Info : 
+---Adders : 
	   2 Input   20 Bit       Adders := 1     
	   2 Input   16 Bit       Adders := 1     
	   2 Input   15 Bit       Adders := 1     
	   2 Input   12 Bit       Adders := 1     
	   3 Input    8 Bit       Adders := 1     
	   2 Input    8 Bit       Adders := 1     
	   2 Input    4 Bit       Adders := 3     
	   2 Input    3 Bit       Adders := 1     
+---Registers : 
	               35 Bit    Registers := 1     
	               21 Bit    Registers := 1     
	               17 Bit    Registers := 1     
	               15 Bit    Registers := 1     
	                8 Bit    Registers := 3     
	                4 Bit    Registers := 2     
	                3 Bit    Registers := 1     
	                1 Bit    Registers := 79    
+---Muxes : 
	   5 Input   35 Bit        Muxes := 4     
	   2 Input   21 Bit        Muxes := 1     
	   2 Input   20 Bit        Muxes := 2     
	   2 Input   17 Bit        Muxes := 2     
	   2 Input   16 Bit        Muxes := 2     
	   2 Input   15 Bit        Muxes := 2     
	   2 Input   12 Bit        Muxes := 2     
	   2 Input    8 Bit        Muxes := 6     
	   4 Input    8 Bit        Muxes := 1     
	   7 Input    7 Bit        Muxes := 1     
	   2 Input    7 Bit        Muxes := 4     
	   6 Input    7 Bit        Muxes := 1     
	   2 Input    4 Bit        Muxes := 5     
	   4 Input    4 Bit        Muxes := 1     
	   5 Input    3 Bit        Muxes := 3     
	   2 Input    3 Bit        Muxes := 7     
	   6 Input    3 Bit        Muxes := 1     
	   2 Input    1 Bit        Muxes := 25    
	   7 Input    1 Bit        Muxes := 2     
	   5 Input    1 Bit        Muxes := 9     
	   3 Input    1 Bit        Muxes := 1     
---------------------------------------------------------------------------------
Finished RTL Component Statistics 
---------------------------------------------------------------------------------
---------------------------------------------------------------------------------
Start Part Resource Summary
---------------------------------------------------------------------------------
Part Resources:
DSPs: 90 (col length:60)
BRAMs: 100 (col length: RAMB18 60 RAMB36 30)
---------------------------------------------------------------------------------
Finished Part Resource Summary
---------------------------------------------------------------------------------
---------------------------------------------------------------------------------
Start Cross Boundary and Area Optimization
---------------------------------------------------------------------------------
WARNING: [Synth 8-7080] Parallel synthesis criteria is not met
WARNING: [Synth 8-7129] Port codigo_BCD[20] in module sevenSegmentDisplay is either unconnected or has no load
WARNING: [Synth 8-7129] Port codigo_BCD[19] in module sevenSegmentDisplay is either unconnected or has no load
WARNING: [Synth 8-7129] Port codigo_BCD[18] in module sevenSegmentDisplay is either unconnected or has no load
WARNING: [Synth 8-7129] Port codigo_BCD[17] in module sevenSegmentDisplay is either unconnected or has no load
WARNING: [Synth 8-7129] Port codigo_BCD[16] in module sevenSegmentDisplay is either unconnected or has no load
---------------------------------------------------------------------------------
Finished Cross Boundary and Area Optimization : Time (s): cpu = 00:00:13 ; elapsed = 00:00:17 . Memory (MB): peak = 1425.898 ; gain = 608.789
---------------------------------------------------------------------------------
---------------------------------------------------------------------------------
Start Applying XDC Timing Constraints
---------------------------------------------------------------------------------
---------------------------------------------------------------------------------
Finished Applying XDC Timing Constraints : Time (s): cpu = 00:00:17 ; elapsed = 00:00:22 . Memory (MB): peak = 1425.898 ; gain = 608.789
---------------------------------------------------------------------------------
---------------------------------------------------------------------------------
Start Timing Optimization
---------------------------------------------------------------------------------
---------------------------------------------------------------------------------
Finished Timing Optimization : Time (s): cpu = 00:00:17 ; elapsed = 00:00:22 . Memory (MB): peak = 1425.898 ; gain = 608.789
---------------------------------------------------------------------------------
---------------------------------------------------------------------------------
Start Technology Mapping
---------------------------------------------------------------------------------
---------------------------------------------------------------------------------
Finished Technology Mapping : Time (s): cpu = 00:00:17 ; elapsed = 00:00:22 . Memory (MB): peak = 1425.898 ; gain = 608.789
---------------------------------------------------------------------------------
---------------------------------------------------------------------------------
Start IO Insertion
---------------------------------------------------------------------------------
---------------------------------------------------------------------------------
Start Flattening Before IO Insertion
---------------------------------------------------------------------------------
---------------------------------------------------------------------------------
Finished Flattening Before IO Insertion
---------------------------------------------------------------------------------
---------------------------------------------------------------------------------
Start Final Netlist Cleanup
---------------------------------------------------------------------------------
---------------------------------------------------------------------------------
Finished Final Netlist Cleanup
---------------------------------------------------------------------------------
---------------------------------------------------------------------------------
Finished IO Insertion : Time (s): cpu = 00:00:21 ; elapsed = 00:00:26 . Memory (MB): peak = 1425.898 ; gain = 608.789
---------------------------------------------------------------------------------
---------------------------------------------------------------------------------
Start Renaming Generated Instances
---------------------------------------------------------------------------------
---------------------------------------------------------------------------------
Finished Renaming Generated Instances : Time (s): cpu = 00:00:21 ; elapsed = 00:00:26 . Memory (MB): peak = 1425.898 ; gain = 608.789
---------------------------------------------------------------------------------
---------------------------------------------------------------------------------
Start Rebuilding User Hierarchy
---------------------------------------------------------------------------------
---------------------------------------------------------------------------------
Finished Rebuilding User Hierarchy : Time (s): cpu = 00:00:21 ; elapsed = 00:00:26 . Memory (MB): peak = 1425.898 ; gain = 608.789
---------------------------------------------------------------------------------
---------------------------------------------------------------------------------
Start Renaming Generated Ports
---------------------------------------------------------------------------------
---------------------------------------------------------------------------------
Finished Renaming Generated Ports : Time (s): cpu = 00:00:21 ; elapsed = 00:00:26 . Memory (MB): peak = 1425.898 ; gain = 608.789
---------------------------------------------------------------------------------
---------------------------------------------------------------------------------
Start Handling Custom Attributes
---------------------------------------------------------------------------------
---------------------------------------------------------------------------------
Finished Handling Custom Attributes : Time (s): cpu = 00:00:21 ; elapsed = 00:00:26 . Memory (MB): peak = 1425.898 ; gain = 608.789
---------------------------------------------------------------------------------
---------------------------------------------------------------------------------
Start Renaming Generated Nets
---------------------------------------------------------------------------------
---------------------------------------------------------------------------------
Finished Renaming Generated Nets : Time (s): cpu = 00:00:21 ; elapsed = 00:00:26 . Memory (MB): peak = 1425.898 ; gain = 608.789
---------------------------------------------------------------------------------
---------------------------------------------------------------------------------
Start Writing Synthesis Report
---------------------------------------------------------------------------------

Report BlackBoxes: 
+-+--------------+----------+
| |BlackBox name |Instances |
+-+--------------+----------+
+-+--------------+----------+

Report Cell Usage: 
+------+-------+------+
|      |Cell   |Count |
+------+-------+------+
|1     |BUFG   |     1|
|2     |CARRY4 |   148|
|3     |LUT1   |    38|
|4     |LUT2   |    13|
|5     |LUT3   |   113|
|6     |LUT4   |   147|
|7     |LUT5   |    41|
|8     |LUT6   |   131|
|9     |FDRE   |   699|
|10    |FDSE   |     1|
|11    |IBUF   |    19|
|12    |OBUF   |    27|
+------+-------+------+
---------------------------------------------------------------------------------
Finished Writing Synthesis Report : Time (s): cpu = 00:00:21 ; elapsed = 00:00:26 . Memory (MB): peak = 1425.898 ; gain = 608.789
---------------------------------------------------------------------------------
Synthesis finished with 0 errors, 0 critical warnings and 6 warnings.
Synthesis Optimization Runtime : Time (s): cpu = 00:00:15 ; elapsed = 00:00:25 . Memory (MB): peak = 1425.898 ; gain = 502.109
Synthesis Optimization Complete : Time (s): cpu = 00:00:21 ; elapsed = 00:00:27 . Memory (MB): peak = 1425.898 ; gain = 608.789
INFO: [Project 1-571] Translating synthesized netlist
Netlist sorting complete. Time (s): cpu = 00:00:00 ; elapsed = 00:00:00.011 . Memory (MB): peak = 1425.898 ; gain = 0.000
INFO: [Netlist 29-17] Analyzing 148 Unisim elements for replacement
INFO: [Netlist 29-28] Unisim Transformation completed in 0 CPU seconds
INFO: [Project 1-570] Preparing netlist for logic optimization
INFO: [Opt 31-138] Pushed 0 inverter(s) to 0 load pin(s).
Netlist sorting complete. Time (s): cpu = 00:00:00 ; elapsed = 00:00:00.001 . Memory (MB): peak = 1425.898 ; gain = 0.000
INFO: [Project 1-111] Unisim Transformation Summary:
No Unisim elements were transformed.

Synth Design complete, checksum: cc0c7df9
INFO: [Common 17-83] Releasing license: Synthesis
65 Infos, 23 Warnings, 2 Critical Warnings and 0 Errors encountered.
synth_design completed successfully
synth_design: Time (s): cpu = 00:00:25 ; elapsed = 00:00:31 . Memory (MB): peak = 1425.898 ; gain = 983.227
INFO: [runtcl-6] Synthesis results are not added to the cache due to CRITICAL_WARNING
INFO: [Common 17-1381] The checkpoint 'C:/Users/ikari/OneDrive/Escritorio/Respaldo/proyecto_3/proyecto_3.runs/synth_1/Top.dcp' has been generated.
INFO: [runtcl-4] Executing : report_utilization -file Top_utilization_synth.rpt -pb Top_utilization_synth.pb
INFO: [Common 17-206] Exiting Vivado at Mon Nov 28 09:34:01 2022...
